[76500:82448:0213/130602.810:WARNING:chrome_main_delegate.cc(745)] This is Chrome version 128.0.6613.138 (not a warning)
[76500:82448:0213/130602.879:WARNING:account_consistency_mode_manager.cc(77)] Desktop Identity Consistency cannot be enabled as no OAuth client ID and client secret have been configured.
[76500:82448:0213/130607.014:WARNING:external_registry_loader_win.cc(232)] Error observing HKLM: 5
[68552:82476:0213/130608.897:WARNING:frame_impl.cc(430)] virtual CefFrameImpl::SendProcessMessage sent to detached frame 5-5CC8E1723BF11B9FA5171D602F8B3705 will be ignored
[76500:67004:0213/130610.161:WARNING:browser_info.cc(345)] Returning a speculative frame for [8,9]
[76500:82448:0213/130610.346:WARNING:browser_info.cc(345)] Returning a speculative frame for [9,9]
[76500:82448:0213/130610.346:WARNING:browser_info.cc(345)] Returning a speculative frame for [9,9]
[76500:82448:0213/130610.346:WARNING:browser_info.cc(345)] Returning a speculative frame for [9,9]
[76500:82448:0213/130610.346:WARNING:browser_info.cc(345)] Returning a speculative frame for [9,9]
[76500:67004:0213/130610.350:WARNING:browser_info.cc(345)] Returning a speculative frame for [9,9]
[76500:67004:0213/130822.196:WARNING:browser_info.cc(345)] Returning a speculative frame for [10,9]
[76500:82448:0213/130822.516:WARNING:browser_info.cc(345)] Returning a speculative frame for [10,9]
[76500:82448:0213/130822.516:WARNING:browser_info.cc(345)] Returning a speculative frame for [10,9]
[76500:82448:0213/130822.516:WARNING:browser_info.cc(345)] Returning a speculative frame for [10,9]
[76500:82448:0213/130822.516:WARNING:browser_info.cc(345)] Returning a speculative frame for [10,9]
[76500:67004:0213/131037.211:WARNING:browser_info.cc(345)] Returning a speculative frame for [12,9]
[76500:82448:0213/131037.538:WARNING:browser_info.cc(345)] Returning a speculative frame for [12,9]
[76500:82448:0213/131037.539:WARNING:browser_info.cc(345)] Returning a speculative frame for [12,9]
[76500:82448:0213/131037.539:WARNING:browser_info.cc(345)] Returning a speculative frame for [12,9]
[76500:82448:0213/131037.539:WARNING:browser_info.cc(345)] Returning a speculative frame for [12,9]
[76500:67004:0213/131254.785:WARNING:browser_info.cc(345)] Returning a speculative frame for [13,9]
[76500:82448:0213/131254.858:WARNING:browser_info.cc(345)] Returning a speculative frame for [13,9]
[76500:82448:0213/131254.858:WARNING:browser_info.cc(345)] Returning a speculative frame for [13,9]
[76500:82448:0213/131254.858:WARNING:browser_info.cc(345)] Returning a speculative frame for [13,9]
[76500:82448:0213/131254.858:WARNING:browser_info.cc(345)] Returning a speculative frame for [13,9]
[76500:67004:0213/131515.535:WARNING:browser_info.cc(345)] Returning a speculative frame for [14,9]
[76500:82448:0213/131515.596:WARNING:browser_info.cc(345)] Returning a speculative frame for [14,9]
[76500:82448:0213/131515.596:WARNING:browser_info.cc(345)] Returning a speculative frame for [14,9]
[76500:82448:0213/131515.596:WARNING:browser_info.cc(345)] Returning a speculative frame for [14,9]
[76500:82448:0213/131515.596:WARNING:browser_info.cc(345)] Returning a speculative frame for [14,9]
[76500:67004:0213/131735.651:WARNING:browser_info.cc(345)] Returning a speculative frame for [15,9]
[76500:82448:0213/131735.760:WARNING:browser_info.cc(345)] Returning a speculative frame for [15,9]
[76500:82448:0213/131735.760:WARNING:browser_info.cc(345)] Returning a speculative frame for [15,9]
[76500:82448:0213/131735.760:WARNING:browser_info.cc(345)] Returning a speculative frame for [15,9]
[76500:82448:0213/131735.760:WARNING:browser_info.cc(345)] Returning a speculative frame for [15,9]
[76500:67004:0213/131959.447:WARNING:browser_info.cc(345)] Returning a speculative frame for [16,9]
[76500:82448:0213/131959.769:WARNING:browser_info.cc(345)] Returning a speculative frame for [16,9]
[76500:82448:0213/131959.769:WARNING:browser_info.cc(345)] Returning a speculative frame for [16,9]
[76500:82448:0213/131959.769:WARNING:browser_info.cc(345)] Returning a speculative frame for [16,9]
[76500:82448:0213/131959.769:WARNING:browser_info.cc(345)] Returning a speculative frame for [16,9]
[76500:67004:0213/132227.469:WARNING:browser_info.cc(345)] Returning a speculative frame for [17,9]
[76500:82448:0213/132227.796:WARNING:browser_info.cc(345)] Returning a speculative frame for [17,9]
[76500:82448:0213/132227.796:WARNING:browser_info.cc(345)] Returning a speculative frame for [17,9]
[76500:82448:0213/132227.796:WARNING:browser_info.cc(345)] Returning a speculative frame for [17,9]
[76500:82448:0213/132227.796:WARNING:browser_info.cc(345)] Returning a speculative frame for [17,9]
[76500:67004:0213/132453.229:WARNING:browser_info.cc(345)] Returning a speculative frame for [18,9]
[76500:82448:0213/132453.298:WARNING:browser_info.cc(345)] Returning a speculative frame for [18,9]
[76500:82448:0213/132453.298:WARNING:browser_info.cc(345)] Returning a speculative frame for [18,9]
[76500:82448:0213/132453.298:WARNING:browser_info.cc(345)] Returning a speculative frame for [18,9]
[76500:82448:0213/132453.298:WARNING:browser_info.cc(345)] Returning a speculative frame for [18,9]
[76500:67004:0213/132713.062:WARNING:browser_info.cc(345)] Returning a speculative frame for [19,9]
[76500:82448:0213/132713.118:WARNING:browser_info.cc(345)] Returning a speculative frame for [19,9]
[76500:82448:0213/132713.118:WARNING:browser_info.cc(345)] Returning a speculative frame for [19,9]
[76500:82448:0213/132713.118:WARNING:browser_info.cc(345)] Returning a speculative frame for [19,9]
[76500:82448:0213/132713.118:WARNING:browser_info.cc(345)] Returning a speculative frame for [19,9]
[76500:67004:0213/132933.119:WARNING:browser_info.cc(345)] Returning a speculative frame for [20,9]
[76500:82448:0213/132933.157:WARNING:browser_info.cc(345)] Returning a speculative frame for [20,9]
[76500:82448:0213/132933.157:WARNING:browser_info.cc(345)] Returning a speculative frame for [20,9]
[76500:82448:0213/132933.157:WARNING:browser_info.cc(345)] Returning a speculative frame for [20,9]
[76500:82448:0213/132933.157:WARNING:browser_info.cc(345)] Returning a speculative frame for [20,9]
[76500:67004:0213/133153.424:WARNING:browser_info.cc(345)] Returning a speculative frame for [21,9]
[76500:82448:0213/133153.494:WARNING:browser_info.cc(345)] Returning a speculative frame for [21,9]
[76500:82448:0213/133153.494:WARNING:browser_info.cc(345)] Returning a speculative frame for [21,9]
[76500:82448:0213/133153.494:WARNING:browser_info.cc(345)] Returning a speculative frame for [21,9]
[76500:82448:0213/133153.494:WARNING:browser_info.cc(345)] Returning a speculative frame for [21,9]
[76500:67004:0213/133414.596:WARNING:browser_info.cc(345)] Returning a speculative frame for [22,9]
[76500:82448:0213/133414.923:WARNING:browser_info.cc(345)] Returning a speculative frame for [22,9]
[76500:82448:0213/133414.923:WARNING:browser_info.cc(345)] Returning a speculative frame for [22,9]
[76500:82448:0213/133414.923:WARNING:browser_info.cc(345)] Returning a speculative frame for [22,9]
[76500:82448:0213/133414.923:WARNING:browser_info.cc(345)] Returning a speculative frame for [22,9]
[76500:67004:0213/133640.105:WARNING:browser_info.cc(345)] Returning a speculative frame for [23,9]
[76500:82448:0213/133640.131:WARNING:browser_info.cc(345)] Returning a speculative frame for [23,9]
[76500:82448:0213/133640.131:WARNING:browser_info.cc(345)] Returning a speculative frame for [23,9]
[76500:82448:0213/133640.131:WARNING:browser_info.cc(345)] Returning a speculative frame for [23,9]
[76500:82448:0213/133640.131:WARNING:browser_info.cc(345)] Returning a speculative frame for [23,9]
[76500:67004:0213/133901.372:WARNING:browser_info.cc(345)] Returning a speculative frame for [24,9]
[76500:82448:0213/133901.695:WARNING:browser_info.cc(345)] Returning a speculative frame for [24,9]
[76500:82448:0213/133901.695:WARNING:browser_info.cc(345)] Returning a speculative frame for [24,9]
[76500:82448:0213/133901.695:WARNING:browser_info.cc(345)] Returning a speculative frame for [24,9]
[76500:82448:0213/133901.695:WARNING:browser_info.cc(345)] Returning a speculative frame for [24,9]
[76500:67004:0213/134123.127:WARNING:browser_info.cc(345)] Returning a speculative frame for [25,9]
[76500:82448:0213/134123.217:WARNING:browser_info.cc(345)] Returning a speculative frame for [25,9]
[76500:82448:0213/134123.217:WARNING:browser_info.cc(345)] Returning a speculative frame for [25,9]
[76500:82448:0213/134123.217:WARNING:browser_info.cc(345)] Returning a speculative frame for [25,9]
[76500:82448:0213/134123.217:WARNING:browser_info.cc(345)] Returning a speculative frame for [25,9]
[76500:67004:0213/134345.250:WARNING:browser_info.cc(345)] Returning a speculative frame for [26,9]
[76500:82448:0213/134345.575:WARNING:browser_info.cc(345)] Returning a speculative frame for [26,9]
[76500:82448:0213/134345.575:WARNING:browser_info.cc(345)] Returning a speculative frame for [26,9]
[76500:82448:0213/134345.575:WARNING:browser_info.cc(345)] Returning a speculative frame for [26,9]
[76500:82448:0213/134345.575:WARNING:browser_info.cc(345)] Returning a speculative frame for [26,9]
[76500:67004:0213/134609.111:WARNING:browser_info.cc(345)] Returning a speculative frame for [27,9]
[76500:82448:0213/134609.215:WARNING:browser_info.cc(345)] Returning a speculative frame for [27,9]
[76500:82448:0213/134609.215:WARNING:browser_info.cc(345)] Returning a speculative frame for [27,9]
[76500:82448:0213/134609.215:WARNING:browser_info.cc(345)] Returning a speculative frame for [27,9]
[76500:82448:0213/134609.215:WARNING:browser_info.cc(345)] Returning a speculative frame for [27,9]
[76500:67004:0213/134829.089:WARNING:browser_info.cc(345)] Returning a speculative frame for [28,9]
[76500:82448:0213/134829.121:WARNING:browser_info.cc(345)] Returning a speculative frame for [28,9]
[76500:82448:0213/134829.122:WARNING:browser_info.cc(345)] Returning a speculative frame for [28,9]
[76500:82448:0213/134829.122:WARNING:browser_info.cc(345)] Returning a speculative frame for [28,9]
[76500:82448:0213/134829.122:WARNING:browser_info.cc(345)] Returning a speculative frame for [28,9]
[76500:67004:0213/135047.166:WARNING:browser_info.cc(345)] Returning a speculative frame for [29,9]
[76500:82448:0213/135047.257:WARNING:browser_info.cc(345)] Returning a speculative frame for [29,9]
[76500:82448:0213/135047.257:WARNING:browser_info.cc(345)] Returning a speculative frame for [29,9]
[76500:82448:0213/135047.257:WARNING:browser_info.cc(345)] Returning a speculative frame for [29,9]
[76500:82448:0213/135047.257:WARNING:browser_info.cc(345)] Returning a speculative frame for [29,9]
[76500:67004:0213/135310.085:WARNING:browser_info.cc(345)] Returning a speculative frame for [30,9]
[76500:82448:0213/135310.150:WARNING:browser_info.cc(345)] Returning a speculative frame for [30,9]
[76500:82448:0213/135310.150:WARNING:browser_info.cc(345)] Returning a speculative frame for [30,9]
[76500:82448:0213/135310.150:WARNING:browser_info.cc(345)] Returning a speculative frame for [30,9]
[76500:82448:0213/135310.150:WARNING:browser_info.cc(345)] Returning a speculative frame for [30,9]
[76500:67004:0213/135532.903:WARNING:browser_info.cc(345)] Returning a speculative frame for [31,9]
[76500:82448:0213/135533.231:WARNING:browser_info.cc(345)] Returning a speculative frame for [31,9]
[76500:82448:0213/135533.231:WARNING:browser_info.cc(345)] Returning a speculative frame for [31,9]
[76500:82448:0213/135533.231:WARNING:browser_info.cc(345)] Returning a speculative frame for [31,9]
[76500:82448:0213/135533.231:WARNING:browser_info.cc(345)] Returning a speculative frame for [31,9]
[76500:67004:0213/135756.105:WARNING:browser_info.cc(345)] Returning a speculative frame for [32,9]
[76500:82448:0213/135756.176:WARNING:browser_info.cc(345)] Returning a speculative frame for [32,9]
[76500:82448:0213/135756.176:WARNING:browser_info.cc(345)] Returning a speculative frame for [32,9]
[76500:82448:0213/135756.176:WARNING:browser_info.cc(345)] Returning a speculative frame for [32,9]
[76500:82448:0213/135756.176:WARNING:browser_info.cc(345)] Returning a speculative frame for [32,9]
[76500:67004:0213/140015.641:WARNING:browser_info.cc(345)] Returning a speculative frame for [33,9]
[76500:82448:0213/140015.766:WARNING:browser_info.cc(345)] Returning a speculative frame for [33,9]
[76500:82448:0213/140015.766:WARNING:browser_info.cc(345)] Returning a speculative frame for [33,9]
[76500:82448:0213/140015.766:WARNING:browser_info.cc(345)] Returning a speculative frame for [33,9]
[76500:82448:0213/140015.766:WARNING:browser_info.cc(345)] Returning a speculative frame for [33,9]
[76500:67004:0213/140235.093:WARNING:browser_info.cc(345)] Returning a speculative frame for [34,9]
[76500:82448:0213/140235.186:WARNING:browser_info.cc(345)] Returning a speculative frame for [34,9]
[76500:82448:0213/140235.186:WARNING:browser_info.cc(345)] Returning a speculative frame for [34,9]
[76500:82448:0213/140235.186:WARNING:browser_info.cc(345)] Returning a speculative frame for [34,9]
[76500:82448:0213/140235.186:WARNING:browser_info.cc(345)] Returning a speculative frame for [34,9]
[76500:67004:0213/140455.023:WARNING:browser_info.cc(345)] Returning a speculative frame for [35,9]
[76500:82448:0213/140455.152:WARNING:browser_info.cc(345)] Returning a speculative frame for [35,9]
[76500:82448:0213/140455.153:WARNING:browser_info.cc(345)] Returning a speculative frame for [35,9]
[76500:82448:0213/140455.153:WARNING:browser_info.cc(345)] Returning a speculative frame for [35,9]
[76500:82448:0213/140455.153:WARNING:browser_info.cc(345)] Returning a speculative frame for [35,9]
[76500:67004:0213/140715.037:WARNING:browser_info.cc(345)] Returning a speculative frame for [36,9]
[76500:82448:0213/140715.082:WARNING:browser_info.cc(345)] Returning a speculative frame for [36,9]
[76500:82448:0213/140715.082:WARNING:browser_info.cc(345)] Returning a speculative frame for [36,9]
[76500:82448:0213/140715.082:WARNING:browser_info.cc(345)] Returning a speculative frame for [36,9]
[76500:82448:0213/140715.082:WARNING:browser_info.cc(345)] Returning a speculative frame for [36,9]
[76500:67004:0213/140935.069:WARNING:browser_info.cc(345)] Returning a speculative frame for [37,9]
[76500:82448:0213/140935.128:WARNING:browser_info.cc(345)] Returning a speculative frame for [37,9]
[76500:82448:0213/140935.128:WARNING:browser_info.cc(345)] Returning a speculative frame for [37,9]
[76500:82448:0213/140935.128:WARNING:browser_info.cc(345)] Returning a speculative frame for [37,9]
[76500:82448:0213/140935.128:WARNING:browser_info.cc(345)] Returning a speculative frame for [37,9]
[76500:67004:0213/141155.733:WARNING:browser_info.cc(345)] Returning a speculative frame for [38,9]
[76500:82448:0213/141155.769:WARNING:browser_info.cc(345)] Returning a speculative frame for [38,9]
[76500:82448:0213/141155.769:WARNING:browser_info.cc(345)] Returning a speculative frame for [38,9]
[76500:82448:0213/141155.769:WARNING:browser_info.cc(345)] Returning a speculative frame for [38,9]
[76500:82448:0213/141155.769:WARNING:browser_info.cc(345)] Returning a speculative frame for [38,9]
[76500:67004:0213/141418.602:WARNING:browser_info.cc(345)] Returning a speculative frame for [39,9]
[76500:82448:0213/141418.928:WARNING:browser_info.cc(345)] Returning a speculative frame for [39,9]
[76500:82448:0213/141418.929:WARNING:browser_info.cc(345)] Returning a speculative frame for [39,9]
[76500:82448:0213/141418.929:WARNING:browser_info.cc(345)] Returning a speculative frame for [39,9]
[76500:82448:0213/141418.929:WARNING:browser_info.cc(345)] Returning a speculative frame for [39,9]
[76500:67004:0213/141646.967:WARNING:browser_info.cc(345)] Returning a speculative frame for [40,9]
[76500:82448:0213/141647.293:WARNING:browser_info.cc(345)] Returning a speculative frame for [40,9]
[76500:82448:0213/141647.293:WARNING:browser_info.cc(345)] Returning a speculative frame for [40,9]
[76500:82448:0213/141647.293:WARNING:browser_info.cc(345)] Returning a speculative frame for [40,9]
[76500:82448:0213/141647.293:WARNING:browser_info.cc(345)] Returning a speculative frame for [40,9]
[76500:67004:0213/141856.113:WARNING:browser_info.cc(345)] Returning a speculative frame for [40,31]
[76500:82448:0213/141856.220:WARNING:browser_info.cc(345)] Returning a speculative frame for [40,31]
[76500:82448:0213/141856.220:WARNING:browser_info.cc(345)] Returning a speculative frame for [40,31]
[76500:82448:0213/141856.220:WARNING:browser_info.cc(345)] Returning a speculative frame for [40,31]
[76500:82448:0213/141856.220:WARNING:browser_info.cc(345)] Returning a speculative frame for [40,31]
[76500:67004:0213/142102.893:WARNING:browser_info.cc(345)] Returning a speculative frame for [41,9]
[76500:82448:0213/142103.220:WARNING:browser_info.cc(345)] Returning a speculative frame for [41,9]
[76500:82448:0213/142103.220:WARNING:browser_info.cc(345)] Returning a speculative frame for [41,9]
[76500:82448:0213/142103.220:WARNING:browser_info.cc(345)] Returning a speculative frame for [41,9]
[76500:82448:0213/142103.220:WARNING:browser_info.cc(345)] Returning a speculative frame for [41,9]
[76500:67004:0213/142315.466:WARNING:browser_info.cc(345)] Returning a speculative frame for [42,9]
[76500:82448:0213/142315.791:WARNING:browser_info.cc(345)] Returning a speculative frame for [42,9]
[76500:82448:0213/142315.791:WARNING:browser_info.cc(345)] Returning a speculative frame for [42,9]
[76500:82448:0213/142315.791:WARNING:browser_info.cc(345)] Returning a speculative frame for [42,9]
[76500:82448:0213/142315.791:WARNING:browser_info.cc(345)] Returning a speculative frame for [42,9]
[76500:67004:0213/142532.145:WARNING:browser_info.cc(345)] Returning a speculative frame for [43,9]
[76500:82448:0213/142532.475:WARNING:browser_info.cc(345)] Returning a speculative frame for [43,9]
[76500:82448:0213/142532.476:WARNING:browser_info.cc(345)] Returning a speculative frame for [43,9]
[76500:82448:0213/142532.476:WARNING:browser_info.cc(345)] Returning a speculative frame for [43,9]
[76500:82448:0213/142532.476:WARNING:browser_info.cc(345)] Returning a speculative frame for [43,9]
[76500:67004:0213/142751.503:WARNING:browser_info.cc(345)] Returning a speculative frame for [44,9]
[76500:82448:0213/142751.829:WARNING:browser_info.cc(345)] Returning a speculative frame for [44,9]
[76500:82448:0213/142751.829:WARNING:browser_info.cc(345)] Returning a speculative frame for [44,9]
[76500:82448:0213/142751.829:WARNING:browser_info.cc(345)] Returning a speculative frame for [44,9]
[76500:82448:0213/142751.829:WARNING:browser_info.cc(345)] Returning a speculative frame for [44,9]
[76500:67004:0213/143019.532:WARNING:browser_info.cc(345)] Returning a speculative frame for [45,9]
[76500:82448:0213/143019.859:WARNING:browser_info.cc(345)] Returning a speculative frame for [45,9]
[76500:82448:0213/143019.859:WARNING:browser_info.cc(345)] Returning a speculative frame for [45,9]
[76500:82448:0213/143019.859:WARNING:browser_info.cc(345)] Returning a speculative frame for [45,9]
[76500:82448:0213/143019.859:WARNING:browser_info.cc(345)] Returning a speculative frame for [45,9]
[76500:67004:0213/143246.212:WARNING:browser_info.cc(345)] Returning a speculative frame for [46,9]
[76500:82448:0213/143246.541:WARNING:browser_info.cc(345)] Returning a speculative frame for [46,9]
[76500:82448:0213/143246.541:WARNING:browser_info.cc(345)] Returning a speculative frame for [46,9]
[76500:82448:0213/143246.541:WARNING:browser_info.cc(345)] Returning a speculative frame for [46,9]
[76500:82448:0213/143246.541:WARNING:browser_info.cc(345)] Returning a speculative frame for [46,9]
[76500:67004:0213/143513.242:WARNING:browser_info.cc(345)] Returning a speculative frame for [47,9]
[76500:82448:0213/143513.570:WARNING:browser_info.cc(345)] Returning a speculative frame for [47,9]
[76500:82448:0213/143513.570:WARNING:browser_info.cc(345)] Returning a speculative frame for [47,9]
[76500:82448:0213/143513.570:WARNING:browser_info.cc(345)] Returning a speculative frame for [47,9]
[76500:82448:0213/143513.570:WARNING:browser_info.cc(345)] Returning a speculative frame for [47,9]
[76500:67004:0213/143739.932:WARNING:browser_info.cc(345)] Returning a speculative frame for [48,9]
[76500:82448:0213/143740.258:WARNING:browser_info.cc(345)] Returning a speculative frame for [48,9]
[76500:82448:0213/143740.258:WARNING:browser_info.cc(345)] Returning a speculative frame for [48,9]
[76500:82448:0213/143740.258:WARNING:browser_info.cc(345)] Returning a speculative frame for [48,9]
[76500:82448:0213/143740.258:WARNING:browser_info.cc(345)] Returning a speculative frame for [48,9]
[76500:67004:0213/144006.953:WARNING:browser_info.cc(345)] Returning a speculative frame for [49,9]
[76500:82448:0213/144007.280:WARNING:browser_info.cc(345)] Returning a speculative frame for [49,9]
[76500:82448:0213/144007.280:WARNING:browser_info.cc(345)] Returning a speculative frame for [49,9]
[76500:82448:0213/144007.280:WARNING:browser_info.cc(345)] Returning a speculative frame for [49,9]
[76500:82448:0213/144007.280:WARNING:browser_info.cc(345)] Returning a speculative frame for [49,9]
[76500:67004:0213/144236.315:WARNING:browser_info.cc(345)] Returning a speculative frame for [50,9]
[76500:82448:0213/144236.641:WARNING:browser_info.cc(345)] Returning a speculative frame for [50,9]
[76500:82448:0213/144236.642:WARNING:browser_info.cc(345)] Returning a speculative frame for [50,9]
[76500:82448:0213/144236.642:WARNING:browser_info.cc(345)] Returning a speculative frame for [50,9]
[76500:82448:0213/144236.642:WARNING:browser_info.cc(345)] Returning a speculative frame for [50,9]
[76500:67004:0213/144504.339:WARNING:browser_info.cc(345)] Returning a speculative frame for [51,9]
[76500:82448:0213/144504.667:WARNING:browser_info.cc(345)] Returning a speculative frame for [51,9]
[76500:82448:0213/144504.667:WARNING:browser_info.cc(345)] Returning a speculative frame for [51,9]
[76500:82448:0213/144504.667:WARNING:browser_info.cc(345)] Returning a speculative frame for [51,9]
[76500:82448:0213/144504.667:WARNING:browser_info.cc(345)] Returning a speculative frame for [51,9]
[76500:67004:0213/144730.035:WARNING:browser_info.cc(345)] Returning a speculative frame for [52,9]
[76500:82448:0213/144730.090:WARNING:browser_info.cc(345)] Returning a speculative frame for [52,9]
[76500:82448:0213/144730.090:WARNING:browser_info.cc(345)] Returning a speculative frame for [52,9]
[76500:82448:0213/144730.090:WARNING:browser_info.cc(345)] Returning a speculative frame for [52,9]
[76500:82448:0213/144730.090:WARNING:browser_info.cc(345)] Returning a speculative frame for [52,9]
[76500:82448:0213/144741.501:WARNING:pref_notifier_impl.cc(41)] Pref observer for media_router.cast_allow_all_ips found at shutdown.
